Watching for file changes with StatReloader
/media/teinrus/file/project/GB_Django/gb_django/gb_django/urls.py changed, reloading.
Watching for file changes with StatReloader
/media/teinrus/file/project/GB_Django/gb_django/gb_django/urls.py changed, reloading.
Watching for file changes with StatReloader
/media/teinrus/file/project/GB_Django/gb_django/gb_django/urls.py changed, reloading.
Watching for file changes with StatReloader
/media/teinrus/file/project/GB_Django/gb_django/gb_django/urls.py changed, reloading.
Watching for file changes with StatReloader
Watching for file changes with StatReloader
Watching for file changes with StatReloader
Watching for file changes with StatReloader
Watching for file changes with StatReloader
/media/teinrus/file/project/GB_Django/gb_django/gb_django/settings.py changed, reloading.
Watching for file changes with StatReloader
/media/teinrus/file/project/GB_Django/gb_django/gb_django/settings.py changed, reloading.
Watching for file changes with StatReloader
/media/teinrus/file/project/GB_Django/gb_django/gb_django/settings.py changed, reloading.
Watching for file changes with StatReloader
"GET / HTTP/1.1" 200 225
Not Found: /favicon.ico
"GET /favicon.ico HTTP/1.1" 404 2438
